[2025-01-04 14:24:54,278: INFO: common: yaml file: /Users/wiwikkarlina/Documents/Escape_Plan/end-to-end-ml/config/config.yaml loaded successfully]
[2025-01-04 14:24:54,285: INFO: common: yaml file: /Users/wiwikkarlina/Documents/Escape_Plan/end-to-end-ml/params.yaml loaded successfully]
[2025-01-04 14:24:54,288: INFO: common: created directory at: artifacts]
[2025-01-04 14:26:18,225: INFO: common: yaml file: /Users/wiwikkarlina/Documents/Escape_Plan/end-to-end-ml/config/config.yaml loaded successfully]
[2025-01-04 14:26:18,229: INFO: common: yaml file: /Users/wiwikkarlina/Documents/Escape_Plan/end-to-end-ml/params.yaml loaded successfully]
[2025-01-04 14:26:18,230: INFO: common: created directory at: artifacts]
[2025-01-04 14:27:58,779: INFO: common: yaml file: /Users/wiwikkarlina/Documents/Escape_Plan/end-to-end-ml/config/config.yaml loaded successfully]
[2025-01-04 14:27:58,781: INFO: common: yaml file: /Users/wiwikkarlina/Documents/Escape_Plan/end-to-end-ml/params.yaml loaded successfully]
[2025-01-04 14:27:58,781: INFO: common: created directory at: artifacts]
[2025-01-04 14:28:06,732: INFO: common: yaml file: /Users/wiwikkarlina/Documents/Escape_Plan/end-to-end-ml/config/config.yaml loaded successfully]
[2025-01-04 14:28:06,733: INFO: common: yaml file: /Users/wiwikkarlina/Documents/Escape_Plan/end-to-end-ml/params.yaml loaded successfully]
[2025-01-04 14:28:06,734: INFO: common: created directory at: artifacts]
[2025-01-04 14:29:02,647: INFO: common: yaml file: /Users/wiwikkarlina/Documents/Escape_Plan/end-to-end-ml/config/config.yaml loaded successfully]
[2025-01-04 14:29:02,649: INFO: common: yaml file: /Users/wiwikkarlina/Documents/Escape_Plan/end-to-end-ml/params.yaml loaded successfully]
[2025-01-04 14:29:02,650: INFO: common: created directory at: artifacts]
[2025-01-04 14:29:34,799: INFO: common: yaml file: /Users/wiwikkarlina/Documents/Escape_Plan/end-to-end-ml/config/config.yaml loaded successfully]
[2025-01-04 14:29:34,807: INFO: common: yaml file: /Users/wiwikkarlina/Documents/Escape_Plan/end-to-end-ml/params.yaml loaded successfully]
[2025-01-04 14:29:34,808: INFO: common: created directory at: artifacts]
[2025-01-04 14:29:52,268: INFO: common: yaml file: /Users/wiwikkarlina/Documents/Escape_Plan/end-to-end-ml/config/config.yaml loaded successfully]
[2025-01-04 14:29:52,270: INFO: common: yaml file: /Users/wiwikkarlina/Documents/Escape_Plan/end-to-end-ml/params.yaml loaded successfully]
[2025-01-04 14:29:52,271: INFO: common: created directory at: artifacts]
[2025-01-04 14:40:10,693: INFO: common: yaml file: /Users/wiwikkarlina/Documents/Escape_Plan/end-to-end-ml/config/config.yaml loaded successfully]
[2025-01-04 14:40:10,696: INFO: common: yaml file: /Users/wiwikkarlina/Documents/Escape_Plan/end-to-end-ml/params.yaml loaded successfully]
[2025-01-04 14:40:10,697: INFO: common: created directory at: artifacts]
[2025-01-04 14:41:03,779: INFO: common: yaml file: /Users/wiwikkarlina/Documents/Escape_Plan/end-to-end-ml/config/config.yaml loaded successfully]
[2025-01-04 14:41:03,782: INFO: common: yaml file: /Users/wiwikkarlina/Documents/Escape_Plan/end-to-end-ml/params.yaml loaded successfully]
[2025-01-04 14:41:03,783: INFO: common: created directory at: artifacts]
[2025-01-04 14:41:59,211: INFO: common: yaml file: /Users/wiwikkarlina/Documents/Escape_Plan/end-to-end-ml/config/config.yaml loaded successfully]
[2025-01-04 14:41:59,215: INFO: common: yaml file: /Users/wiwikkarlina/Documents/Escape_Plan/end-to-end-ml/params.yaml loaded successfully]
[2025-01-04 14:41:59,216: INFO: common: created directory at: artifacts]
[2025-01-04 14:42:57,699: INFO: common: yaml file: /Users/wiwikkarlina/Documents/Escape_Plan/end-to-end-ml/config/config.yaml loaded successfully]
[2025-01-04 14:42:57,702: INFO: common: yaml file: /Users/wiwikkarlina/Documents/Escape_Plan/end-to-end-ml/params.yaml loaded successfully]
[2025-01-04 14:42:57,704: INFO: common: created directory at: artifacts]
[2025-01-04 14:43:47,012: INFO: common: json file saved at: scores.json]
[2025-01-04 14:43:51,136: WARNING: save: Found untraced functions such as _jit_compiled_convolution_op, _jit_compiled_convolution_op, _jit_compiled_convolution_op, _jit_compiled_convolution_op while saving (showing 4 of 4). These functions will not be directly callable after loading.]
[2025-01-04 14:43:52,211: INFO: builder_impl: Assets written to: /var/folders/s3/n_t4f85d55b1c46dx20rkhmc0000gn/T/tmpdkv88ay4/model/data/model/assets]
[2025-01-04 15:06:48,063: INFO: common: yaml file: /Users/wiwikkarlina/Documents/Escape_Plan/end-to-end-ml/config/config.yaml loaded successfully]
[2025-01-04 15:06:48,070: INFO: common: yaml file: /Users/wiwikkarlina/Documents/Escape_Plan/end-to-end-ml/params.yaml loaded successfully]
[2025-01-04 15:06:48,073: INFO: common: created directory at: artifacts]
[2025-01-04 15:07:35,388: INFO: common: json file saved at: scores.json]
[2025-01-04 15:07:37,185: WARNING: save: Found untraced functions such as _jit_compiled_convolution_op, _jit_compiled_convolution_op, _jit_compiled_convolution_op, _jit_compiled_convolution_op while saving (showing 4 of 4). These functions will not be directly callable after loading.]
[2025-01-04 15:07:38,157: INFO: builder_impl: Assets written to: /var/folders/s3/n_t4f85d55b1c46dx20rkhmc0000gn/T/tmp_zb6m16y/model/data/model/assets]
